<?xml version="1.0" encoding="UTF-8"?>
<!-- Generated by org.testng.reporters.JUnitReportReporter -->
<testsuite hostname="MSI" failures="0" tests="1" name="com.OneIndiaBank.TestCases.TC_CustomerBalanceEnquiry_004" time="3.732" errors="0" timestamp="2021-12-06T01:11:28 IST" skipped="0">
  <testcase classname="com.OneIndiaBank.TestCases.TC_CustomerBalanceEnquiry_004" name="validating_balance_enquiry" time="3.732"/>
  <system-out/>
</testsuite> <!-- com.OneIndiaBank.TestCases.TC_CustomerBalanceEnquiry_004 -->
