<?xml version="1.0" encoding="UTF-8"?>
<!-- Generated by org.testng.reporters.JUnitReportReporter -->
<testsuite hostname="MSI" failures="0" tests="1" name="com.OneIndiaBank.TestCases.TC_AdminSetupBranch_003" time="15.138" errors="0" timestamp="2021-12-05T23:35:55 IST" skipped="0">
  <testcase classname="com.OneIndiaBank.TestCases.TC_AdminSetupBranch_003" name="addingBranch" time="15.138"/>
  <system-out/>
</testsuite> <!-- com.OneIndiaBank.TestCases.TC_AdminSetupBranch_003 -->
